\BOOKMARK [1][-]{section.1}{Introduction}{}% 1
\BOOKMARK [1][-]{section.2}{Problem\040Restatement\040and\040Analysis}{}% 2
\BOOKMARK [1][-]{section.3}{Basic\040Assumptions}{}% 3
\BOOKMARK [1][-]{section.4}{Symbol\040Description}{}% 4
\BOOKMARK [1][-]{section.5}{Model\040Preparation}{}% 5
\BOOKMARK [2][-]{subsection.5.1}{The\040Analytic\040Hierarchy\040Process}{section.5}% 6
\BOOKMARK [2][-]{subsection.5.2}{Grey\040relational\040analysis\040model\040based\040on\040weighted\040entropy}{section.5}% 7
\BOOKMARK [1][-]{section.6}{Model\040Establishment}{}% 8
\BOOKMARK [2][-]{subsection.6.1}{Objective Judgment Model—-Using GRAP}{section.6}% 9
\BOOKMARK [2][-]{subsection.6.2}{Subjective Judgment Model—-Using AHP}{section.6}% 10
\BOOKMARK [3][-]{subsubsection.6.2.1}{Constructing\040the\040Hierarchy}{subsection.6.2}% 11
\BOOKMARK [3][-]{subsubsection.6.2.2}{Pairwise\040comparing\040the\040criteria\040with\040respect\040to\040the\040goal}{subsection.6.2}% 12
\BOOKMARK [3][-]{subsubsection.6.2.3}{Making\040the\040decision}{subsection.6.2}% 13
\BOOKMARK [2][-]{subsection.6.3}{The\040Influence\040of\040other\040Factors}{section.6}% 14
\BOOKMARK [3][-]{subsubsection.6.3.1}{Time\040Influence}{subsection.6.3}% 15
\BOOKMARK [3][-]{subsubsection.6.3.2}{\040Sex\040Influence}{subsection.6.3}% 16
\BOOKMARK [1][-]{section.7}{Solving\040the\040Model}{}% 17
\BOOKMARK [1][-]{section.8}{Strengths\040and\040Weaknesses}{}% 18
\BOOKMARK [2][-]{subsection.8.1}{Strengths}{section.8}% 19
\BOOKMARK [2][-]{subsection.8.2}{Weaknesses}{section.8}% 20
\BOOKMARK [1][-]{section.9}{the\040Article\040for\040Sports\040Illustrated}{}% 21
\BOOKMARK [1][-]{section*.2}{Appendices}{}% 22
\BOOKMARK [1][-]{Appendix.a.A}{Appendix\040The\040Data\040of\040Objective\040Judgement\040Model}{}% 23
\BOOKMARK [1][-]{Appendix.a.B}{Appendix\040The\040Data\040of\040Subjective\040Judgement\040Model\040}{}% 24
