\BOOKMARK [1][-]{section.1}{Introduction}{}% 1
\BOOKMARK [2][-]{subsection.1.1}{Background}{section.1}% 2
\BOOKMARK [2][-]{subsection.1.2}{Problem Restatement and Analysis}{section.1}% 3
\BOOKMARK [1][-]{section.2}{Assumption}{}% 4
\BOOKMARK [1][-]{section.3}{Symbol Description}{}% 5
\BOOKMARK [1][-]{section.4}{Problem A : Information Flow and Filter Model}{}% 6
\BOOKMARK [2][-]{subsection.4.1}{Information Flow Model}{section.4}% 7
\BOOKMARK [3][-]{subsubsection.4.1.1}{Theoretical Model of Information Flow}{subsection.4.1}% 8
\BOOKMARK [3][-]{subsubsection.4.1.2}{Example of Information Flow Network Model \(Internet\)}{subsection.4.1}% 9
\BOOKMARK [2][-]{subsection.4.2}{Information Filter Model}{section.4}% 10
\BOOKMARK [2][-]{subsection.4.3}{Information Flow and Filter Model Simulation}{section.4}% 11
\BOOKMARK [3][-]{subsubsection.4.3.1}{Simulation assumptions and data sources}{subsection.4.3}% 12
\BOOKMARK [3][-]{subsubsection.4.3.2}{Simulation process}{subsection.4.3}% 13
\BOOKMARK [3][-]{subsubsection.4.3.3}{Simulation results}{subsection.4.3}% 14
\BOOKMARK [1][-]{section.5}{Problem B : Forecast Information Network's Structure \046 Validate its Reliability}{}% 15
\BOOKMARK [2][-]{subsection.5.1}{Short Term Prediction Model of Information Dissemination}{section.5}% 16
\BOOKMARK [3][-]{subsubsection.5.1.1}{Model preparation}{subsection.5.1}% 17
\BOOKMARK [3][-]{subsubsection.5.1.2}{Realistic network model construction}{subsection.5.1}% 18
\BOOKMARK [2][-]{subsection.5.2}{Model Simulation Process}{section.5}% 19
\BOOKMARK [2][-]{subsection.5.3}{Forecast \046 Validation Results}{section.5}% 20
\BOOKMARK [3][-]{subsubsection.5.3.1}{Forecast Results}{subsection.5.3}% 21
\BOOKMARK [3][-]{subsubsection.5.3.2}{Validation Results}{subsection.5.3}% 22
\BOOKMARK [1][-]{section.6}{Problem C : Long Term Network Evolution Model}{}% 23
\BOOKMARK [2][-]{subsection.6.1}{Model building}{section.6}% 24
\BOOKMARK [2][-]{subsection.6.2}{The bold assumption of future communication technology}{section.6}% 25
\BOOKMARK [2][-]{subsection.6.3}{Model solving}{section.6}% 26
\BOOKMARK [1][-]{section.7}{Problem D : Public Opinion Dissemination Model}{}% 27
\BOOKMARK [1][-]{section.8}{Problem E : Analyze the Factors that Influence the Public Opinion Dissemination}{}% 28
\BOOKMARK [2][-]{subsection.8.1}{Influence Factors of Public Opinion Disseminate}{section.8}% 29
\BOOKMARK [2][-]{subsection.8.2}{Analysis One Historical Event based on Public Opinion Dissemination Model}{section.8}% 30
\BOOKMARK [1][-]{section.9}{Strengths and Weaknesses}{}% 31
\BOOKMARK [1][-]{section*.14}{References}{}% 32
