\BOOKMARK [1][-]{section.1}{Introduction}{}% 1
\BOOKMARK [1][-]{section.2}{Problem Restatement and Analysis}{}% 2
\BOOKMARK [1][-]{section.3}{Basic Assumptions}{}% 3
\BOOKMARK [1][-]{section.4}{Symbol Description}{}% 4
\BOOKMARK [1][-]{section.5}{Model Preparation}{}% 5
\BOOKMARK [2][-]{subsection.5.1}{The Analytic Hierarchy Process}{section.5}% 6
\BOOKMARK [2][-]{subsection.5.2}{Grey relational analysis model based on weighted entropy}{section.5}% 7
\BOOKMARK [1][-]{section.6}{Model Establishment}{}% 8
\BOOKMARK [2][-]{subsection.6.1}{Objective Judgment Model\204-Using GRAP}{section.6}% 9
\BOOKMARK [2][-]{subsection.6.2}{Subjective Judgment Model\204-Using AHP}{section.6}% 10
\BOOKMARK [3][-]{subsubsection.6.2.1}{Constructing the Hierarchy}{subsection.6.2}% 11
\BOOKMARK [3][-]{subsubsection.6.2.2}{Pairwise comparing the criteria with respect to the goal}{subsection.6.2}% 12
\BOOKMARK [3][-]{subsubsection.6.2.3}{Making the decision}{subsection.6.2}% 13
\BOOKMARK [2][-]{subsection.6.3}{The Influence of other Factors}{section.6}% 14
\BOOKMARK [3][-]{subsubsection.6.3.1}{Time Influence}{subsection.6.3}% 15
\BOOKMARK [3][-]{subsubsection.6.3.2}{ Sex Influence}{subsection.6.3}% 16
\BOOKMARK [1][-]{section.7}{Solving the Model}{}% 17
\BOOKMARK [1][-]{section.8}{Strengths and Weaknesses}{}% 18
\BOOKMARK [2][-]{subsection.8.1}{Strengths}{section.8}% 19
\BOOKMARK [2][-]{subsection.8.2}{Weaknesses}{section.8}% 20
\BOOKMARK [1][-]{section.9}{the Article for Sports Illustrated}{}% 21
\BOOKMARK [1][-]{section*.2}{Appendices}{}% 22
\BOOKMARK [1][-]{Appendix.a.A}{Appendix The Data of Objective Judgement Model}{}% 23
\BOOKMARK [1][-]{Appendix.a.B}{Appendix The Data of Subjective Judgement Model }{}% 24
