\BOOKMARK [1][-]{section.1}{Introduction}{}% 1
\BOOKMARK [2][-]{subsection.1.1}{Background}{section.1}% 2
\BOOKMARK [2][-]{subsection.1.2}{Problem Restatement and Analysis}{section.1}% 3
\BOOKMARK [1][-]{section.2}{Assumption}{}% 4
\BOOKMARK [1][-]{section.3}{Symbol Description}{}% 5
\BOOKMARK [1][-]{section.4}{Model Preparation}{}% 6
\BOOKMARK [2][-]{subsection.4.1}{Technical Regulation on Ambient Air Quality Index \(on trial\)RA}{section.4}% 7
\BOOKMARK [3][-]{subsubsection.4.1.1}{Basic Nomenclature and Definitions}{subsection.4.1}% 8
\BOOKMARK [3][-]{subsubsection.4.1.2}{Air Quality Index Calculation Method}{subsection.4.1}% 9
\BOOKMARK [3][-]{subsubsection.4.1.3}{Air Quality Index and Method for Determination of Primary Pollutant}{subsection.4.1}% 10
\BOOKMARK [2][-]{subsection.4.2}{Data Capture}{section.4}% 11
\BOOKMARK [1][-]{section.5}{Problem i}{}% 12
\BOOKMARK [2][-]{subsection.5.1}{Time Analysis Model Based on Discrete Wavelet Transform}{section.5}% 13
\BOOKMARK [2][-]{subsection.5.2}{Spatial Analysis Model Based on Discrete Wavelet Transform}{section.5}% 14
\BOOKMARK [1][-]{section.6}{Problem ii}{}% 15
\BOOKMARK [2][-]{subsection.6.1}{Emission of pollution}{section.6}% 16
\BOOKMARK [2][-]{subsection.6.2}{Weather}{section.6}% 17
\BOOKMARK [2][-]{subsection.6.3}{Central Heating}{section.6}% 18
\BOOKMARK [1][-]{section.7}{Strengths and Weaknesses}{}% 19
\BOOKMARK [2][-]{subsection.7.1}{Strengths}{section.7}% 20
\BOOKMARK [2][-]{subsection.7.2}{Weaknesses}{section.7}% 21
\BOOKMARK [1][-]{section.8}{Smog Suggestion Letter in Xi'an}{}% 22
\BOOKMARK [1][-]{section*.14}{References}{}% 23
\BOOKMARK [1][-]{section*.16}{Appendices}{}% 24
\BOOKMARK [1][-]{Appendix.a.A}{Appendix First appendix}{}% 25
\BOOKMARK [1][-]{Appendix.a.B}{Appendix Second appendix}{}% 26
