This is pdfTeX, Version 3.14159265-2.6-1.40.16 (TeX Live 2015) (preloaded format=pdflatex 2015.11.28)  4 JAN 2016 21:29
entering extended mode
 restricted \write18 enabled.
 %&-line parsing enabled.
**Model.tex
(./Model.tex
LaTeX2e <2015/01/01>
Babel <3.9l> and hyphenation patterns for 79 languages loaded.
(/usr/local/texlive/2015/texmf-dist/tex/latex/base/article.cls
Document Class: article 2014/09/29 v1.4h Standard LaTeX document class
(/usr/local/texlive/2015/texmf-dist/tex/latex/base/size11.clo
File: size11.clo 2014/09/29 v1.4h Standard LaTeX file (size option)
)
\c@part=\count79
\c@section=\count80
\c@subsection=\count81
\c@subsubsection=\count82
\c@paragraph=\count83
\c@subparagraph=\count84
\c@figure=\count85
\c@table=\count86
\abovecaptionskip=\skip41
\belowcaptionskip=\skip42
\bibindent=\dimen102
)
(./MCMPackage.sty
Package: MCMPackage 

(/usr/local/texlive/2015/texmf-dist/tex/latex/xcolor/xcolor.sty
Package: xcolor 2007/01/21 v2.11 LaTeX color extensions (UK)

(/usr/local/texlive/2015/texmf-dist/tex/latex/latexconfig/color.cfg
File: color.cfg 2007/01/18 v1.5 color configuration of teTeX/TeXLive
)
Package xcolor Info: Driver file: pdftex.def on input line 225.

(/usr/local/texlive/2015/texmf-dist/tex/latex/pdftex-def/pdftex.def
File: pdftex.def 2011/05/27 v0.06d Graphics/color for pdfTeX

(/usr/local/texlive/2015/texmf-dist/tex/generic/oberdiek/infwarerr.sty
Package: infwarerr 2010/04/08 v1.3 Providing info/warning/error messages (HO)
)
(/usr/local/texlive/2015/texmf-dist/tex/generic/oberdiek/ltxcmds.sty
Package: ltxcmds 2011/11/09 v1.22 LaTeX kernel commands for general use (HO)
)
\Gread@gobject=\count87
)
Package xcolor Info: Model `cmy' substituted by `cmy0' on input line 1337.
Package xcolor Info: Model `hsb' substituted by `rgb' on input line 1341.
Package xcolor Info: Model `RGB' extended on input line 1353.
Package xcolor Info: Model `HTML' substituted by `rgb' on input line 1355.
Package xcolor Info: Model `Hsb' substituted by `hsb' on input line 1356.
Package xcolor Info: Model `tHsb' substituted by `hsb' on input line 1357.
Package xcolor Info: Model `HSB' substituted by `hsb' on input line 1358.
Package xcolor Info: Model `Gray' substituted by `gray' on input line 1359.
Package xcolor Info: Model `wave' substituted by `hsb' on input line 1360.
)
(/usr/local/texlive/2015/texmf-dist/tex/latex/fancyhdr/fancyhdr.sty
\fancy@headwidth=\skip43
\f@ncyO@elh=\skip44
\f@ncyO@erh=\skip45
\f@ncyO@olh=\skip46
\f@ncyO@orh=\skip47
\f@ncyO@elf=\skip48
\f@ncyO@erf=\skip49
\f@ncyO@olf=\skip50
\f@ncyO@orf=\skip51
)
(/usr/local/texlive/2015/texmf-dist/tex/latex/fancybox/fancybox.sty
Package: fancybox 2010/05/15 1.4

Style option: `fancybox' v1.4 <2010/05/15> (tvz)
\@fancybox=\box26
\shadowsize=\dimen103
\@Sbox=\box27
\do@VerbBox=\toks14
\the@fancyput=\toks15
\this@fancyput=\toks16
\EndVerbatimTokens=\toks17
\Verbatim@Outfile=\write3
\Verbatim@Infile=\read1
) (/usr/local/texlive/2015/texmf-dist/tex/latex/graphics/graphicx.sty
Package: graphicx 2014/10/28 v1.0g Enhanced LaTeX Graphics (DPC,SPQR)

(/usr/local/texlive/2015/texmf-dist/tex/latex/graphics/keyval.sty
Package: keyval 2014/10/28 v1.15 key=value parser (DPC)
\KV@toks@=\toks18
)
(/usr/local/texlive/2015/texmf-dist/tex/latex/graphics/graphics.sty
Package: graphics 2014/10/28 v1.0p Standard LaTeX Graphics (DPC,SPQR)

(/usr/local/texlive/2015/texmf-dist/tex/latex/graphics/trig.sty
Package: trig 1999/03/16 v1.09 sin cos tan (DPC)
)
(/usr/local/texlive/2015/texmf-dist/tex/latex/latexconfig/graphics.cfg
File: graphics.cfg 2010/04/23 v1.9 graphics configuration of TeX Live
)
Package graphics Info: Driver file: pdftex.def on input line 94.
)
\Gin@req@height=\dimen104
\Gin@req@width=\dimen105
)
(/usr/local/texlive/2015/texmf-dist/tex/latex/base/ifthen.sty
Package: ifthen 2014/09/29 v1.1c Standard LaTeX ifthen package (DPC)
)
(/usr/local/texlive/2015/texmf-dist/tex/latex/lastpage/lastpage.sty
Package: lastpage 2015/03/29 v1.2m Refers to last page's name (HMM; JPG)
)
(/usr/local/texlive/2015/texmf-dist/tex/latex/listings/listings.sty
\lst@mode=\count88
\lst@gtempboxa=\box28
\lst@token=\toks19
\lst@length=\count89
\lst@currlwidth=\dimen106
\lst@column=\count90
\lst@pos=\count91
\lst@lostspace=\dimen107
\lst@width=\dimen108
\lst@newlines=\count92
\lst@lineno=\count93
\lst@maxwidth=\dimen109

(/usr/local/texlive/2015/texmf-dist/tex/latex/listings/lstmisc.sty
File: lstmisc.sty 2014/09/06 1.5e (Carsten Heinz)
\c@lstnumber=\count94
\lst@skipnumbers=\count95
\lst@framebox=\box29
)
(/usr/local/texlive/2015/texmf-dist/tex/latex/listings/listings.cfg
File: listings.cfg 2014/09/06 1.5e listings configuration
))
Package: listings 2014/09/06 1.5e (Carsten Heinz)

(/usr/local/texlive/2015/texmf-dist/tex/latex/appendix/appendix.sty
Package: appendix 2009/09/02 v1.2b extra appendix facilities
\c@@pps=\count96
\c@@ppsavesec=\count97
\c@@ppsaveapp=\count98
)
(/usr/local/texlive/2015/texmf-dist/tex/latex/paralist/paralist.sty
Package: paralist 2013/06/09 v2.4 Extended list environments
\pltopsep=\skip52
\plpartopsep=\skip53
\plitemsep=\skip54
\plparsep=\skip55
\pl@lab=\toks20
)
(/usr/local/texlive/2015/texmf-dist/tex/latex/amscls/amsthm.sty
Package: amsthm 2015/03/04 v2.20.2
\thm@style=\toks21
\thm@bodyfont=\toks22
\thm@headfont=\toks23
\thm@notefont=\toks24
\thm@headpunct=\toks25
\thm@preskip=\skip56
\thm@postskip=\skip57
\thm@headsep=\skip58
\dth@everypar=\toks26
)
(/usr/local/texlive/2015/texmf-dist/tex/latex/amsfonts/amsfonts.sty
Package: amsfonts 2013/01/14 v3.01 Basic AMSFonts support
\@emptytoks=\toks27
\symAMSa=\mathgroup4
\symAMSb=\mathgroup5
LaTeX Font Info:    Overwriting math alphabet `\mathfrak' in version `bold'
(Font)                  U/euf/m/n --> U/euf/b/n on input line 106.
)
(/usr/local/texlive/2015/texmf-dist/tex/latex/amsmath/amsmath.sty
Package: amsmath 2013/01/14 v2.14 AMS math features
\@mathmargin=\skip59

For additional information on amsmath, use the `?' option.
(/usr/local/texlive/2015/texmf-dist/tex/latex/amsmath/amstext.sty
Package: amstext 2000/06/29 v2.01

(/usr/local/texlive/2015/texmf-dist/tex/latex/amsmath/amsgen.sty
File: amsgen.sty 1999/11/30 v2.0
\@emptytoks=\toks28
\ex@=\dimen110
))
(/usr/local/texlive/2015/texmf-dist/tex/latex/amsmath/amsbsy.sty
Package: amsbsy 1999/11/29 v1.2d
\pmbraise@=\dimen111
)
(/usr/local/texlive/2015/texmf-dist/tex/latex/amsmath/amsopn.sty
Package: amsopn 1999/12/14 v2.01 operator names
)
\inf@bad=\count99
LaTeX Info: Redefining \frac on input line 210.
\uproot@=\count100
\leftroot@=\count101
LaTeX Info: Redefining \overline on input line 306.
\classnum@=\count102
\DOTSCASE@=\count103
LaTeX Info: Redefining \ldots on input line 378.
LaTeX Info: Redefining \dots on input line 381.
LaTeX Info: Redefining \cdots on input line 466.
\Mathstrutbox@=\box30
\strutbox@=\box31
\big@size=\dimen112
LaTeX Font Info:    Redeclaring font encoding OML on input line 566.
LaTeX Font Info:    Redeclaring font encoding OMS on input line 567.
\macc@depth=\count104
\c@MaxMatrixCols=\count105
\dotsspace@=\muskip10
\c@parentequation=\count106
\dspbrk@lvl=\count107
\tag@help=\toks29
\row@=\count108
\column@=\count109
\maxfields@=\count110
\andhelp@=\toks30
\eqnshift@=\dimen113
\alignsep@=\dimen114
\tagshift@=\dimen115
\tagwidth@=\dimen116
\totwidth@=\dimen117
\lineht@=\dimen118
\@envbody=\toks31
\multlinegap=\skip60
\multlinetaggap=\skip61
\mathdisplay@stack=\toks32
LaTeX Info: Redefining \[ on input line 2665.
LaTeX Info: Redefining \] on input line 2666.
)
(/usr/local/texlive/2015/texmf-dist/tex/latex/tools/bm.sty
Package: bm 2014/10/28 v1.1c Bold Symbol Support (DPC/FMi)
\symboldoperators=\mathgroup6
\symboldletters=\mathgroup7
\symboldsymbols=\mathgroup8
LaTeX Font Info:    Redeclaring math alphabet \mathbf on input line 141.
LaTeX Info: Redefining \bm on input line 207.
)
(/usr/local/texlive/2015/texmf-dist/tex/latex/amsfonts/amssymb.sty
Package: amssymb 2013/01/14 v3.01 AMS font symbols
)
(/usr/local/texlive/2015/texmf-dist/tex/latex/jknapltx/mathrsfs.sty
Package: mathrsfs 1996/01/01 Math RSFS package v1.0 (jk)
\symrsfs=\mathgroup9
)
(/usr/local/texlive/2015/texmf-dist/tex/latex/base/latexsym.sty
Package: latexsym 1998/08/17 v2.2e Standard LaTeX package (lasy symbols)
\symlasy=\mathgroup10
LaTeX Font Info:    Overwriting symbol font `lasy' in version `bold'
(Font)                  U/lasy/m/n --> U/lasy/b/n on input line 52.
)
(/usr/local/texlive/2015/texmf-dist/tex/latex/psnfss/palatino.sty
Package: palatino 2005/04/12 PSNFSS-v9.2a (SPQR) 
)
(/usr/local/texlive/2015/texmf-dist/tex/latex/tools/longtable.sty
Package: longtable 2014/10/28 v4.11 Multi-page Table package (DPC)
\LTleft=\skip62
\LTright=\skip63
\LTpre=\skip64
\LTpost=\skip65
\LTchunksize=\count111
\LTcapwidth=\dimen119
\LT@head=\box32
\LT@firsthead=\box33
\LT@foot=\box34
\LT@lastfoot=\box35
\LT@cols=\count112
\LT@rows=\count113
\c@LT@tables=\count114
\c@LT@chunks=\count115
\LT@p@ftn=\toks33
)
(/usr/local/texlive/2015/texmf-dist/tex/latex/multirow/multirow.sty
\bigstrutjot=\dimen120
)
(/usr/local/texlive/2015/texmf-dist/tex/latex/tools/hhline.sty
Package: hhline 2014/10/28 v2.03 Table rule package (DPC)
)
(/usr/local/texlive/2015/texmf-dist/tex/latex/tools/tabularx.sty
Package: tabularx 2014/10/28 v2.10 `tabularx' package (DPC)

(/usr/local/texlive/2015/texmf-dist/tex/latex/tools/array.sty
Package: array 2014/10/28 v2.4c Tabular extension package (FMi)
\col@sep=\dimen121
\extrarowheight=\dimen122
\NC@list=\toks34
\extratabsurround=\skip66
\backup@length=\skip67
)
\TX@col@width=\dimen123
\TX@old@table=\dimen124
\TX@old@col=\dimen125
\TX@target=\dimen126
\TX@delta=\dimen127
\TX@cols=\count116
\TX@ftn=\toks35
)
(/usr/local/texlive/2015/texmf-dist/tex/latex/makecell/makecell.sty
Package: makecell 2009/08/03 V0.1e Managing of Tab Column Heads and Cells
\rotheadsize=\dimen128
\c@nlinenum=\count117
\TeXr@lab=\toks36
)
(/usr/local/texlive/2015/texmf-dist/tex/latex/booktabs/booktabs.sty
Package: booktabs 2005/04/14 v1.61803 publication quality tables
\heavyrulewidth=\dimen129
\lightrulewidth=\dimen130
\cmidrulewidth=\dimen131
\belowrulesep=\dimen132
\belowbottomsep=\dimen133
\aboverulesep=\dimen134
\abovetopsep=\dimen135
\cmidrulesep=\dimen136
\cmidrulekern=\dimen137
\defaultaddspace=\dimen138
\@cmidla=\count118
\@cmidlb=\count119
\@aboverulesep=\dimen139
\@belowrulesep=\dimen140
\@thisruleclass=\count120
\@lastruleclass=\count121
\@thisrulewidth=\dimen141
)
(/usr/local/texlive/2015/texmf-dist/tex/latex/diagbox/diagbox.sty
Package: diagbox 2011/11/23 v2.0 Making table heads with diagonal lines

(/usr/local/texlive/2015/texmf-dist/tex/latex/pict2e/pict2e.sty
Package: pict2e 2014/01/12 v0.2z Improved picture commands (HjG,RN,JT)

(/usr/local/texlive/2015/texmf-dist/tex/latex/pict2e/pict2e.cfg
File: pict2e.cfg 2011/04/05 v0.1t pict2e configuration for teTeX/TeXLive
)
Package pict2e Info: Driver file: pdftex.def on input line 119.
Package pict2e Info: Driver file for pict2e: p2e-pdftex.def on input line 121.

(/usr/local/texlive/2015/texmf-dist/tex/latex/pict2e/p2e-pdftex.def
File: p2e-pdftex.def 2011/04/05 v0.1t Driver-dependant file (RN,HjG,JT)
)
\pIIe@GRAPH=\toks37
\@arclen=\dimen142
\@arcrad=\dimen143
\@tempdimd=\dimen144
)
(/usr/local/texlive/2015/texmf-dist/tex/latex/fp/fp.sty
Package: fp 1995/04/02

`Fixed Point Package', Version 0.8, April 2, 1995 (C) Michael Mehlich
(/usr/local/texlive/2015/texmf-dist/tex/latex/fp/defpattern.sty
Package: defpattern 1994/10/12
\actioncount=\count122
)
(/usr/local/texlive/2015/texmf-dist/tex/latex/fp/fp-basic.sty
Package: fp-basic 1996/05/13
\FP@xs=\count123
\FP@xia=\count124
\FP@xib=\count125
\FP@xfa=\count126
\FP@xfb=\count127
\FP@rega=\count128
\FP@regb=\count129
\FP@regs=\count130
\FP@times=\count131
)
(/usr/local/texlive/2015/texmf-dist/tex/latex/fp/fp-addons.sty
Package: fp-addons 1995/03/15
)
(/usr/local/texlive/2015/texmf-dist/tex/latex/fp/fp-snap.sty
Package: fp-snap 1995/04/05
)
(/usr/local/texlive/2015/texmf-dist/tex/latex/fp/fp-exp.sty
Package: fp-exp 1995/04/03
)
(/usr/local/texlive/2015/texmf-dist/tex/latex/fp/fp-trigo.sty
Package: fp-trigo 1995/04/14
)
(/usr/local/texlive/2015/texmf-dist/tex/latex/fp/fp-pas.sty
Package: fp-pas 1994/08/29
)
(/usr/local/texlive/2015/texmf-dist/tex/latex/fp/fp-random.sty
Package: fp-random 1995/02/23
\FPseed=\count132
)
(/usr/local/texlive/2015/texmf-dist/tex/latex/fp/fp-eqn.sty
Package: fp-eqn 1995/04/03
)
(/usr/local/texlive/2015/texmf-dist/tex/latex/fp/fp-upn.sty
Package: fp-upn 1996/10/21
)
(/usr/local/texlive/2015/texmf-dist/tex/latex/fp/fp-eval.sty
Package: fp-eval 1995/04/03
))
\diagbox@boxa=\box36
\diagbox@boxb=\box37
\diagbox@boxm=\box38
\diagbox@wd=\dimen145
\diagbox@ht=\dimen146
\diagbox@sepl=\dimen147
\diagbox@sepr=\dimen148
)
(/usr/local/texlive/2015/texmf-dist/tex/latex/base/flafter.sty
Package: flafter 2015/03/12 v1.2m Standard LaTeX floats after reference (FMi)
Applying: [2015/01/01] float order in 2-column on input line 49.
Already applied: [0000/00/00] float order in 2-column on input line 151.
)
(/usr/local/texlive/2015/texmf-dist/tex/latex/psnfss/pifont.sty
Package: pifont 2005/04/12 PSNFSS-v9.2a Pi font support (SPQR) 
LaTeX Font Info:    Try loading font information for U+pzd on input line 63.

(/usr/local/texlive/2015/texmf-dist/tex/latex/psnfss/upzd.fd
File: upzd.fd 2001/06/04 font definitions for U/pzd.
)
LaTeX Font Info:    Try loading font information for U+psy on input line 64.

(/usr/local/texlive/2015/texmf-dist/tex/latex/psnfss/upsy.fd
File: upsy.fd 2001/06/04 font definitions for U/psy.
))
(/usr/local/texlive/2015/texmf-dist/tex/latex/tools/calc.sty
Package: calc 2014/10/28 v4.3 Infix arithmetic (KKT,FJ)
\calc@Acount=\count133
\calc@Bcount=\count134
\calc@Adimen=\dimen149
\calc@Bdimen=\dimen150
\calc@Askip=\skip68
\calc@Bskip=\skip69
LaTeX Info: Redefining \setlength on input line 80.
LaTeX Info: Redefining \addtolength on input line 81.
\calc@Ccount=\count135
\calc@Cskip=\skip70
)
(/usr/local/texlive/2015/texmf-dist/tex/latex/colortbl/colortbl.sty
Package: colortbl 2012/02/13 v1.0a Color table columns (DPC)
\everycr=\toks38
\minrowclearance=\skip71
)
(/usr/local/texlive/2015/texmf-dist/tex/latex/geometry/geometry.sty
Package: geometry 2010/09/12 v5.6 Page Geometry

(/usr/local/texlive/2015/texmf-dist/tex/generic/oberdiek/ifpdf.sty
Package: ifpdf 2011/01/30 v2.3 Provides the ifpdf switch (HO)
Package ifpdf Info: pdfTeX in PDF mode is detected.
)
(/usr/local/texlive/2015/texmf-dist/tex/generic/oberdiek/ifvtex.sty
Package: ifvtex 2010/03/01 v1.5 Detect VTeX and its facilities (HO)
Package ifvtex Info: VTeX not detected.
)
(/usr/local/texlive/2015/texmf-dist/tex/generic/ifxetex/ifxetex.sty
Package: ifxetex 2010/09/12 v0.6 Provides ifxetex conditional
)
\Gm@cnth=\count136
\Gm@cntv=\count137
\c@Gm@tempcnt=\count138
\Gm@bindingoffset=\dimen151
\Gm@wd@mp=\dimen152
\Gm@odd@mp=\dimen153
\Gm@even@mp=\dimen154
\Gm@layoutwidth=\dimen155
\Gm@layoutheight=\dimen156
\Gm@layouthoffset=\dimen157
\Gm@layoutvoffset=\dimen158
\Gm@dimlist=\toks39
)
(/usr/local/texlive/2015/texmf-dist/tex/latex/base/fontenc.sty
Package: fontenc 2005/09/27 v1.99g Standard LaTeX package

(/usr/local/texlive/2015/texmf-dist/tex/latex/base/t1enc.def
File: t1enc.def 2005/09/27 v1.99g Standard LaTeX file
LaTeX Font Info:    Redeclaring font encoding T1 on input line 48.
))
(/usr/local/texlive/2015/texmf-dist/tex/latex/bera/berasans.sty
Package: berasans 2004/01/30 (WaS)
)
(/usr/local/texlive/2015/texmf-dist/tex/latex/oberdiek/epstopdf.sty
Package: epstopdf 2010/02/09 v2.5 Conversion with epstopdf on the fly (HO)

(/usr/local/texlive/2015/texmf-dist/tex/latex/oberdiek/epstopdf-base.sty
Package: epstopdf-base 2010/02/09 v2.5 Base part for package epstopdf

(/usr/local/texlive/2015/texmf-dist/tex/latex/oberdiek/grfext.sty
Package: grfext 2010/08/19 v1.1 Manage graphics extensions (HO)

(/usr/local/texlive/2015/texmf-dist/tex/generic/oberdiek/kvdefinekeys.sty
Package: kvdefinekeys 2011/04/07 v1.3 Define keys (HO)
))
(/usr/local/texlive/2015/texmf-dist/tex/latex/oberdiek/kvoptions.sty
Package: kvoptions 2011/06/30 v3.11 Key value format for package options (HO)

(/usr/local/texlive/2015/texmf-dist/tex/generic/oberdiek/kvsetkeys.sty
Package: kvsetkeys 2012/04/25 v1.16 Key value parser (HO)

(/usr/local/texlive/2015/texmf-dist/tex/generic/oberdiek/etexcmds.sty
Package: etexcmds 2011/02/16 v1.5 Avoid name clashes with e-TeX commands (HO)

(/usr/local/texlive/2015/texmf-dist/tex/generic/oberdiek/ifluatex.sty
Package: ifluatex 2010/03/01 v1.3 Provides the ifluatex switch (HO)
Package ifluatex Info: LuaTeX not detected.
)
Package etexcmds Info: Could not find \expanded.
(etexcmds)             That can mean that you are not using pdfTeX 1.50 or
(etexcmds)             that some package has redefined \expanded.
(etexcmds)             In the latter case, load this package earlier.
)))
(/usr/local/texlive/2015/texmf-dist/tex/generic/oberdiek/pdftexcmds.sty
Package: pdftexcmds 2011/11/29 v0.20 Utility functions of pdfTeX for LuaTeX (HO
)
Package pdftexcmds Info: LuaTeX not detected.
Package pdftexcmds Info: \pdf@primitive is available.
Package pdftexcmds Info: \pdf@ifprimitive is available.
Package pdftexcmds Info: \pdfdraftmode found.
)
Package grfext Info: Graphics extension search list:
(grfext)             [.png,.pdf,.jpg,.mps,.jpeg,.jbig2,.jb2,.PNG,.PDF,.JPG,.JPE
G,.JBIG2,.JB2,.eps]
(grfext)             \AppendGraphicsExtensions on input line 452.

(/usr/local/texlive/2015/texmf-dist/tex/latex/latexconfig/epstopdf-sys.cfg
File: epstopdf-sys.cfg 2010/07/13 v1.3 Configuration of (r)epstopdf for TeX Liv
e
)))
(/usr/local/texlive/2015/texmf-dist/tex/latex/hyperref/hyperref.sty
Package: hyperref 2012/11/06 v6.83m Hypertext links for LaTeX

(/usr/local/texlive/2015/texmf-dist/tex/generic/oberdiek/hobsub-hyperref.sty
Package: hobsub-hyperref 2012/05/28 v1.13 Bundle oberdiek, subset hyperref (HO)


(/usr/local/texlive/2015/texmf-dist/tex/generic/oberdiek/hobsub-generic.sty
Package: hobsub-generic 2012/05/28 v1.13 Bundle oberdiek, subset generic (HO)
Package: hobsub 2012/05/28 v1.13 Construct package bundles (HO)
Package hobsub Info: Skipping package `infwarerr' (already loaded).
Package hobsub Info: Skipping package `ltxcmds' (already loaded).
Package hobsub Info: Skipping package `ifluatex' (already loaded).
Package hobsub Info: Skipping package `ifvtex' (already loaded).
Package: intcalc 2007/09/27 v1.1 Expandable calculations with integers (HO)
Package hobsub Info: Skipping package `ifpdf' (already loaded).
Package hobsub Info: Skipping package `etexcmds' (already loaded).
Package hobsub Info: Skipping package `kvsetkeys' (already loaded).
Package hobsub Info: Skipping package `kvdefinekeys' (already loaded).
Package hobsub Info: Skipping package `pdftexcmds' (already loaded).
Package: pdfescape 2011/11/25 v1.13 Implements pdfTeX's escape features (HO)
Package: bigintcalc 2012/04/08 v1.3 Expandable calculations on big integers (HO
)
Package: bitset 2011/01/30 v1.1 Handle bit-vector datatype (HO)
Package: uniquecounter 2011/01/30 v1.2 Provide unlimited unique counter (HO)
)
Package hobsub Info: Skipping package `hobsub' (already loaded).
Package: letltxmacro 2010/09/02 v1.4 Let assignment for LaTeX macros (HO)
Package: hopatch 2012/05/28 v1.2 Wrapper for package hooks (HO)
Package: xcolor-patch 2011/01/30 xcolor patch
Package: atveryend 2011/06/30 v1.8 Hooks at the very end of document (HO)
Package atveryend Info: \enddocument detected (standard20110627).
Package: atbegshi 2011/10/05 v1.16 At begin shipout hook (HO)
Package: refcount 2011/10/16 v3.4 Data extraction from label references (HO)
Package: hycolor 2011/01/30 v1.7 Color options for hyperref/bookmark (HO)
)
(/usr/local/texlive/2015/texmf-dist/tex/latex/oberdiek/auxhook.sty
Package: auxhook 2011/03/04 v1.3 Hooks for auxiliary files (HO)
)
\@linkdim=\dimen159
\Hy@linkcounter=\count139
\Hy@pagecounter=\count140

(/usr/local/texlive/2015/texmf-dist/tex/latex/hyperref/pd1enc.def
File: pd1enc.def 2012/11/06 v6.83m Hyperref: PDFDocEncoding definition (HO)
)
\Hy@SavedSpaceFactor=\count141

(/usr/local/texlive/2015/texmf-dist/tex/latex/latexconfig/hyperref.cfg
File: hyperref.cfg 2002/06/06 v1.2 hyperref configuration of TeXLive
)
Package hyperref Info: Option `bookmarks' set `true' on input line 4319.


Package hyperref Warning: Option `pagecolor' is not available anymore.

Package hyperref Info: Option `colorlinks' set `true' on input line 4319.

Package hyperref Warning: Invalid value `001'
(hyperref)                for option `pdfborder'.
(hyperref)                Option setting is ignored on input line 4319.

Package hyperref Info: Hyper figures OFF on input line 4443.
Package hyperref Info: Link nesting OFF on input line 4448.
Package hyperref Info: Hyper index ON on input line 4451.
Package hyperref Info: Plain pages OFF on input line 4458.
Package hyperref Info: Backreferencing OFF on input line 4463.
Package hyperref Info: Implicit mode ON; LaTeX internals redefined.
Package hyperref Info: Bookmarks ON on input line 4688.
\c@Hy@tempcnt=\count142
(/usr/local/texlive/2015/texmf-dist/tex/latex/url/url.sty
\Urlmuskip=\muskip11
Package: url 2013/09/16  ver 3.4  Verb mode for urls, etc.
)
LaTeX Info: Redefining \url on input line 5041.
\XeTeXLinkMargin=\dimen160
\Fld@menulength=\count143
\Field@Width=\dimen161
\Fld@charsize=\dimen162
Package hyperref Info: Hyper figures OFF on input line 6295.
Package hyperref Info: Link nesting OFF on input line 6300.
Package hyperref Info: Hyper index ON on input line 6303.
Package hyperref Info: backreferencing OFF on input line 6310.
Package hyperref Info: Link coloring ON on input line 6313.
Package hyperref Info: Link coloring with OCG OFF on input line 6320.
Package hyperref Info: PDF/A mode OFF on input line 6325.
LaTeX Info: Redefining \ref on input line 6365.
LaTeX Info: Redefining \pageref on input line 6369.
\Hy@abspage=\count144
\c@Item=\count145
\c@Hfootnote=\count146
)

Package hyperref Message: Driver (autodetected): hpdftex.

(/usr/local/texlive/2015/texmf-dist/tex/latex/hyperref/hpdftex.def
File: hpdftex.def 2012/11/06 v6.83m Hyperref driver for pdfTeX
\Fld@listcount=\count147
\c@bookmark@seq@number=\count148

(/usr/local/texlive/2015/texmf-dist/tex/latex/oberdiek/rerunfilecheck.sty
Package: rerunfilecheck 2011/04/15 v1.7 Rerun checks for auxiliary files (HO)
Package uniquecounter Info: New unique counter `rerunfilecheck' on input line 2
82.
)
\Hy@SectionHShift=\skip72
)
\@abstract=\box39

(/usr/local/texlive/2015/texmf-dist/tex/latex/listings/lstlang1.sty
File: lstlang1.sty 2014/09/06 1.5e listings language file
)
(/usr/local/texlive/2015/texmf-dist/tex/latex/listings/lstmisc.sty
File: lstmisc.sty 2014/09/06 1.5e (Carsten Heinz)
))
(./Model.aux)
\openout1 = `Model.aux'.

LaTeX Font Info:    Checking defaults for OML/cmm/m/it on input line 26.
LaTeX Font Info:    ... okay on input line 26.
LaTeX Font Info:    Checking defaults for T1/cmr/m/n on input line 26.
LaTeX Font Info:    ... okay on input line 26.
LaTeX Font Info:    Checking defaults for OT1/cmr/m/n on input line 26.
LaTeX Font Info:    ... okay on input line 26.
LaTeX Font Info:    Checking defaults for OMS/cmsy/m/n on input line 26.
LaTeX Font Info:    ... okay on input line 26.
LaTeX Font Info:    Checking defaults for OMX/cmex/m/n on input line 26.
LaTeX Font Info:    ... okay on input line 26.
LaTeX Font Info:    Checking defaults for U/cmr/m/n on input line 26.
LaTeX Font Info:    ... okay on input line 26.
LaTeX Font Info:    Checking defaults for PD1/pdf/m/n on input line 26.
LaTeX Font Info:    ... okay on input line 26.
LaTeX Font Info:    Try loading font information for T1+ppl on input line 26.
 (/usr/local/texlive/2015/texmf-dist/tex/latex/psnfss/t1ppl.fd
File: t1ppl.fd 2001/06/04 font definitions for T1/ppl.
)
(/usr/local/texlive/2015/texmf-dist/tex/context/base/supp-pdf.mkii
[Loading MPS to PDF converter (version 2006.09.02).]
\scratchcounter=\count149
\scratchdimen=\dimen163
\scratchbox=\box40
\nofMPsegments=\count150
\nofMParguments=\count151
\everyMPshowfont=\toks40
\MPscratchCnt=\count152
\MPscratchDim=\dimen164
\MPnumerator=\count153
\makeMPintoPDFobject=\count154
\everyMPtoPDFconversion=\toks41
)
Package lastpage Info: Please have a look at the pageslts package at
(lastpage)             https://www.ctan.org/pkg/pageslts
(lastpage)             ! on input line 26.
\c@lstlisting=\count155

*geometry* driver: auto-detecting
*geometry* detected driver: pdftex
*geometry* verbose mode - [ preamble ] result:
* driver: pdftex
* paper: a4paper
* layout: <same size as paper>
* layoutoffset:(h,v)=(0.0pt,0.0pt)
* modes: 
* h-part:(L,W,R)=(71.13188pt, 455.24411pt, 71.13188pt)
* v-part:(T,H,B)=(71.13188pt, 702.78308pt, 71.13188pt)
* \paperwidth=597.50787pt
* \paperheight=845.04684pt
* \textwidth=455.24411pt
* \textheight=702.78308pt
* \oddsidemargin=-1.1381pt
* \evensidemargin=-1.1381pt
* \topmargin=-38.1381pt
* \headheight=12.0pt
* \headsep=25.0pt
* \topskip=11.0pt
* \footskip=30.0pt
* \marginparwidth=50.0pt
* \marginparsep=10.0pt
* \columnsep=10.0pt
* \skip\footins=10.0pt plus 4.0pt minus 2.0pt
* \hoffset=0.0pt
* \voffset=0.0pt
* \mag=1000
* \@twocolumnfalse
* \@twosidefalse
* \@mparswitchfalse
* \@reversemarginfalse
* (1in=72.27pt=25.4mm, 1cm=28.453pt)

\AtBeginShipoutBox=\box41
Package hyperref Info: Link coloring ON on input line 26.
(/usr/local/texlive/2015/texmf-dist/tex/latex/hyperref/nameref.sty
Package: nameref 2012/10/27 v2.43 Cross-referencing by name of section

(/usr/local/texlive/2015/texmf-dist/tex/generic/oberdiek/gettitlestring.sty
Package: gettitlestring 2010/12/03 v1.4 Cleanup title references (HO)
)
\c@section@level=\count156
)
LaTeX Info: Redefining \ref on input line 26.
LaTeX Info: Redefining \pageref on input line 26.
LaTeX Info: Redefining \nameref on input line 26.

(./Model.out) (./Model.out)
\@outlinefile=\write4
\openout4 = `Model.out'.


Underfull \hbox (badness 10000) in paragraph at lines 39--42
  
 []


Underfull \hbox (badness 10000) in paragraph at lines 39--42
  
 []

LaTeX Font Info:    Font shape `T1/ppl/bx/n' in size <10.95> not available
(Font)              Font shape `T1/ppl/b/n' tried instead on input line 43.
LaTeX Font Info:    Try loading font information for T1+fvs on input line 48.
(/usr/local/texlive/2015/texmf-dist/tex/latex/bera/t1fvs.fd
File: t1fvs.fd 2004/09/07 scalable font definitions for T1/fvs.
)
LaTeX Font Info:    Font shape `T1/fvs/m/n' will be
(Font)              scaled to size 9.85492pt on input line 48.

(/usr/local/texlive/2015/texmf-dist/tex/latex/amsfonts/umsa.fd)
(/usr/local/texlive/2015/texmf-dist/tex/latex/amsfonts/umsb.fd)
(/usr/local/texlive/2015/texmf-dist/tex/latex/jknapltx/ursfs.fd)
(/usr/local/texlive/2015/texmf-dist/tex/latex/base/ulasy.fd)
LaTeX Font Info:    Font shape `T1/fvs/m/n' will be
(Font)              scaled to size 31.49979pt on input line 48.
LaTeX Font Info:    Font shape `T1/fvs/bx/n' in size <35> not available
(Font)              Font shape `T1/fvs/b/n' tried instead on input line 48.
LaTeX Font Info:    Font shape `T1/fvs/b/n' will be
(Font)              scaled to size 31.49979pt on input line 48.
LaTeX Font Info:    Font shape `T1/fvs/m/n' will be
(Font)              scaled to size 17.99988pt on input line 48.
LaTeX Font Info:    Font shape `T1/fvs/bx/n' in size <20> not available
(Font)              Font shape `T1/fvs/b/n' tried instead on input line 48.
LaTeX Font Info:    Font shape `T1/fvs/b/n' will be
(Font)              scaled to size 17.99988pt on input line 48.
LaTeX Font Info:    Font shape `T1/fvs/bx/n' in size <10.95> not available
(Font)              Font shape `T1/fvs/b/n' tried instead on input line 48.
LaTeX Font Info:    Font shape `T1/fvs/b/n' will be
(Font)              scaled to size 9.85492pt on input line 48.
LaTeX Font Info:    Font shape `T1/fvs/m/n' will be
(Font)              scaled to size 12.9599pt on input line 48.
LaTeX Font Info:    Font shape `T1/fvs/m/n' will be
(Font)              scaled to size 10.79993pt on input line 48.
LaTeX Font Info:    Font shape `T1/ppl/bx/n' in size <12> not available
(Font)              Font shape `T1/ppl/b/n' tried instead on input line 48.
 [1

{/usr/local/texlive/2015/texmf-var/fonts/map/pdftex/updmap/pdftex.map}]
LaTeX Font Info:    Font shape `T1/ppl/bx/n' in size <14.4> not available
(Font)              Font shape `T1/ppl/b/n' tried instead on input line 52.
 (./Model.toc)
\tf@toc=\write5
\openout5 = `Model.toc'.

 [2]
LaTeX Font Info:    Try loading font information for OMS+ppl on input line 67.

(/usr/local/texlive/2015/texmf-dist/tex/latex/psnfss/omsppl.fd
File: omsppl.fd 
)
LaTeX Font Info:    Font shape `OMS/ppl/m/n' in size <10.95> not available
(Font)              Font shape `OMS/cmsy/m/n' tried instead on input line 67.
pdfTeX warning (ext4): destination with the same identifier (name{page.1}) has 
been already used, duplicate ignored
<to be read again> 
                   \relax 
l.87 
      [1]pdfTeX warning (ext4): destination with the same identifier (name{page
.2}) has been already used, duplicate ignored
<to be read again> 
                   \relax 
l.132 \end{center}
                   [2]
LaTeX Font Info:    Font shape `T1/ppl/bx/n' in size <8> not available
(Font)              Font shape `T1/ppl/b/n' tried instead on input line 138.


Package hyperref Warning: Token not allowed in a PDF string (PDFDocEncoding):
(hyperref)                removing `\@ifnextchar' on input line 138.

LaTeX Font Info:    Font shape `T1/ppl/bx/it' in size <10.95> not available
(Font)              Font shape `T1/ppl/b/it' tried instead on input line 139.

Underfull \hbox (badness 10000) in paragraph at lines 154--155

 []

<./Pic/AQItable.pdf, id=176, 1603.9925pt x 668.4975pt>
File: ./Pic/AQItable.pdf Graphic file (type pdf)

<use ./Pic/AQItable.pdf>
Package pdftex.def Info: ./Pic/AQItable.pdf used on input line 169.
(pdftex.def)             Requested size: 455.24408pt x 189.72813pt.

Underfull \hbox (badness 10000) in paragraph at lines 174--176

 []

[3]
Underfull \hbox (badness 10000) in paragraph at lines 194--195

 []


Underfull \hbox (badness 10000) in paragraph at lines 208--209

 []

[4 <./Pic/AQItable.pdf>]
<./Pic/XianAQI.png, id=203, 771.88374pt x 438.63875pt>
File: ./Pic/XianAQI.png Graphic file (type png)
 <use ./Pic/XianAQI.png>
Package pdftex.def Info: ./Pic/XianAQI.png used on input line 216.
(pdftex.def)             Requested size: 364.19667pt x 206.9634pt.

Overfull \hbox (18.26349pt too wide) in paragraph at lines 226--246
 [][][] 
 []


Package hyperref Warning: Token not allowed in a PDF string (PDFDocEncoding):
(hyperref)                removing `\uppercase' on input line 250.

[5 <./Pic/XianAQI.png>]
Underfull \hbox (badness 10000) in paragraph at lines 257--258

 []

<./Pic/WaveletsDWT.png, id=217, 391.4625pt x 90.3375pt>
File: ./Pic/WaveletsDWT.png Graphic file (type png)

<use ./Pic/WaveletsDWT.png>
Package pdftex.def Info: ./Pic/WaveletsDWT.png used on input line 265.
(pdftex.def)             Requested size: 364.19667pt x 84.0502pt.
 [6 <./Pic/WaveletsDWT.png (PNG copy)>]
Underfull \hbox (badness 10000) in paragraph at lines 300--301

 []

<./Pic/WaveletsFilterBank.png, id=229, 568.1225pt x 173.64874pt>
File: ./Pic/WaveletsFilterBank.png Graphic file (type png)

<use ./Pic/WaveletsFilterBank.png>
Package pdftex.def Info: ./Pic/WaveletsFilterBank.png used on input line 305.
(pdftex.def)             Requested size: 364.19667pt x 111.32294pt.

Underfull \hbox (badness 10000) in paragraph at lines 314--315

 []

[7 <./Pic/WaveletsFilterBank.png (PNG copy)>]
<./Pic/NO1/Trsorigin.png, id=242, 1194.26175pt x 679.69936pt>
File: ./Pic/NO1/Trsorigin.png Graphic file (type png)

<use ./Pic/NO1/Trsorigin.png>
Package pdftex.def Info: ./Pic/NO1/Trsorigin.png used on input line 335.
(pdftex.def)             Requested size: 223.07211pt x 126.95586pt.

<./Pic/NO1/Trslowf.png, id=243, 1194.98445pt x 694.15335pt>
File: ./Pic/NO1/Trslowf.png Graphic file (type png)

<use ./Pic/NO1/Trslowf.png>
Package pdftex.def Info: ./Pic/NO1/Trslowf.png used on input line 341.
(pdftex.def)             Requested size: 223.07211pt x 129.58147pt.

<./Pic/NO1/Trspart.jpg, id=246, 1686.3pt x 650.43pt>
File: ./Pic/NO1/Trspart.jpg Graphic file (type jpg)

<use ./Pic/NO1/Trspart.jpg>
Package pdftex.def Info: ./Pic/NO1/Trspart.jpg used on input line 354.
(pdftex.def)             Requested size: 364.19667pt x 140.4749pt.


LaTeX Warning: `h' float specifier changed to `ht'.

[8 <./Pic/NO1/Trsorigin.png> <./Pic/NO1/Trslowf.png>]
<./Pic/3d.jpg, id=262, 985.6825pt x 792.9625pt>
File: ./Pic/3d.jpg Graphic file (type jpg)
 <use ./Pic/3d.jpg>
Package pdftex.def Info: ./Pic/3d.jpg used on input line 368.
(pdftex.def)             Requested size: 227.62206pt x 183.11562pt.


Package hyperref Warning: Token not allowed in a PDF string (PDFDocEncoding):
(hyperref)                removing `\uppercase' on input line 377.

[9 <./Pic/NO1/Trspart.jpg> <./Pic/3d.jpg>]
Underfull \hbox (badness 10000) in paragraph at lines 383--384

 []


Underfull \hbox (badness 10000) in paragraph at lines 386--387

 []


Underfull \hbox (badness 10000) in paragraph at lines 389--390

 []

<./Pic/5class1.png, id=271, 648.4225pt x 508.90125pt>
File: ./Pic/5class1.png Graphic file (type png)
 <use ./Pic/5class1.png>
Package pdftex.def Info: ./Pic/5class1.png used on input line 408.
(pdftex.def)             Requested size: 182.09486pt x 142.91069pt.

<./Pic/5class2.png, id=272, 1269.42255pt x 1223.16975pt>
File: ./Pic/5class2.png Graphic file (type png)

<use ./Pic/5class2.png>
Package pdftex.def Info: ./Pic/5class2.png used on input line 416.
(pdftex.def)             Requested size: 182.09486pt x 175.46066pt.


LaTeX Warning: `h' float specifier changed to `ht'.


LaTeX Warning: `h' float specifier changed to `ht'.

[10] <./Pic/mothlyAQI.png, id=289, 1084.05pt x 722.7pt>
File: ./Pic/mothlyAQI.png Graphic file (type png)

<use ./Pic/mothlyAQI.png>
Package pdftex.def Info: ./Pic/mothlyAQI.png used on input line 455.
(pdftex.def)             Requested size: 182.09486pt x 121.39072pt.
 <./Pic/js.png, id=290, 1084.05pt x 722.7pt>
File: ./Pic/js.png Graphic file (type png)

<use ./Pic/js.png>
Package pdftex.def Info: ./Pic/js.png used on input line 461.
(pdftex.def)             Requested size: 182.09486pt x 121.39072pt.

Underfull \hbox (badness 6300) in paragraph at lines 463--463
[]\T1/ppl/m/n/10.95 Figure 11: []Average Pre-cip-i-ta-tion
 []

<./Pic/tp.png, id=291, 1084.05pt x 722.7pt>
File: ./Pic/tp.png Graphic file (type png)
 <use ./Pic/tp.png>
Package pdftex.def Info: ./Pic/tp.png used on input line 474.
(pdftex.def)             Requested size: 182.09486pt x 121.39072pt.

Underfull \hbox (badness 6428) in paragraph at lines 475--475
[]\T1/ppl/m/n/10.95 Figure 12: []Average Tem-per-a-ture
 []

<./Pic/wind.png, id=292, 1084.05pt x 722.7pt>
File: ./Pic/wind.png Graphic file (type png)
 <use ./Pic/wind.png>
Package pdftex.def Info: ./Pic/wind.png used on input line 480.
(pdftex.def)             Requested size: 182.09486pt x 121.39072pt.


LaTeX Warning: `h' float specifier changed to `ht'.

[11 <./Pic/5class1.png> <./Pic/5class2.png> <./Pic/mothlyAQI.png> <./Pic/js.png
>] <./Pic/Trslowf.png, id=308, 1192.09364pt x 681.14474pt>
File: ./Pic/Trslowf.png Graphic file (type png)

<use ./Pic/Trslowf.png>
Package pdftex.def Info: ./Pic/Trslowf.png used on input line 505.
(pdftex.def)             Requested size: 227.62206pt x 130.05284pt.
 [12 <./Pic/tp.png> <./Pic/wind.png> <./Pic/Trslowf.png>]
LaTeX Font Info:    Font shape `T1/ppl/bx/it' in size <14.4> not available
(Font)              Font shape `T1/ppl/b/it' tried instead on input line 522.
 <./Pic/pie.jpg, id=320, 1362.08875pt x 1058.95625pt>
File: ./Pic/pie.jpg Graphic file (type jpg)
 <use ./Pic/pie.jpg>
Package pdftex.def Info: ./Pic/pie.jpg used on input line 534.
(pdftex.def)             Requested size: 227.62206pt x 176.95009pt.


LaTeX Warning: `h' float specifier changed to `ht'.

[13]
LaTeX Font Info:    Try loading font information for T1+pcr on input line 572.
 (/usr/local/texlive/2015/texmf-dist/tex/latex/psnfss/t1pcr.fd
File: t1pcr.fd 2001/06/04 font definitions for T1/pcr.
)
Underfull \hbox (badness 2065) in paragraph at lines 574--575
[]\T1/ppl/m/n/10.95 Xi'an en-vi-ron-men-tal mon-i-tor-ing sta-tion, Air qual-it
y his-tor-i-cal data. [][]$\T1/pcr/m/n/10.95 http : / / www .
 []

[14 <./Pic/pie.jpg>]
LaTeX Font Info:    Font shape `T1/ppl/bx/n' in size <20.74> not available
(Font)              Font shape `T1/ppl/b/n' tried instead on input line 593.

Overfull \hbox (75.23248pt too wide) in alignment at lines 603--608
 [] [] [] [] [] [] [] 
 []


Overfull \hbox (75.23248pt too wide) in alignment at lines 608--630
 [] [] [] [] [] [] [] 
 []


Overfull \hbox (75.23248pt too wide) in alignment at lines 630--634
 [] [] [] [] [] [] [] 
 []


Overfull \hbox (49.12064pt too wide) in alignment at lines 642--647
 [] [] [] [] [] [] [] [] [] 
 []


Overfull \hbox (49.12064pt too wide) in alignment at lines 647--669
 [] [] [] [] [] [] [] [] [] 
 []

[15]
Overfull \hbox (49.12064pt too wide) in alignment at lines 669--689
 [] [] [] [] [] [] [] [] [] 
 []


Overfull \hbox (49.12064pt too wide) in alignment at lines 689--690
 [] [] [] [] [] [] [] [] [] 
 []


AED: lastpage setting LastPage
[16]
Package atveryend Info: Empty hook `BeforeClearDocument' on input line 697.
Package atveryend Info: Empty hook `AfterLastShipout' on input line 697.
 (./Model.aux)
Package atveryend Info: Executing hook `AtVeryEndDocument' on input line 697.
Package atveryend Info: Executing hook `AtEndAfterFileList' on input line 697.
Package rerunfilecheck Info: File `Model.out' has not changed.
(rerunfilecheck)             Checksum: A5F24BAB0FEE002869E7BC9041070D07;1791.
Package atveryend Info: Empty hook `AtVeryVeryEnd' on input line 697.
 ) 
Here is how much of TeX's memory you used:
 10882 strings out of 493089
 151973 string characters out of 6134841
 333941 words of memory out of 5000000
 13938 multiletter control sequences out of 15000+600000
 69320 words of font info for 99 fonts, out of 8000000 for 9000
 1141 hyphenation exceptions out of 8191
 49i,14n,45p,847b,481s stack positions out of 5000i,500n,10000p,200000b,80000s
{/usr/local/texlive/2015/texmf-dist/fonts/enc/dvips/base/8r.enc}</usr/local/t
exlive/2015/texmf-dist/fonts/type1/public/amsfonts/cm/cmex10.pfb></usr/local/te
xlive/2015/texmf-dist/fonts/type1/public/amsfonts/cm/cmmi10.pfb></usr/local/tex
live/2015/texmf-dist/fonts/type1/public/amsfonts/cm/cmmi6.pfb></usr/local/texli
ve/2015/texmf-dist/fonts/type1/public/amsfonts/cm/cmmi8.pfb></usr/local/texlive
/2015/texmf-dist/fonts/type1/public/amsfonts/cm/cmr10.pfb></usr/local/texlive/2
015/texmf-dist/fonts/type1/public/amsfonts/cm/cmr8.pfb></usr/local/texlive/2015
/texmf-dist/fonts/type1/public/amsfonts/cm/cmsy10.pfb></usr/local/texlive/2015/
texmf-dist/fonts/type1/public/amsfonts/cm/cmsy8.pfb></usr/local/texlive/2015/te
xmf-dist/fonts/type1/public/bera/fvsb8a.pfb></usr/local/texlive/2015/texmf-dist
/fonts/type1/public/bera/fvsr8a.pfb></usr/local/texlive/2015/texmf-dist/fonts/t
ype1/urw/courier/ucrr8a.pfb></usr/local/texlive/2015/texmf-dist/fonts/type1/urw
/palatino/uplb8a.pfb></usr/local/texlive/2015/texmf-dist/fonts/type1/urw/palati
no/uplbi8a.pfb></usr/local/texlive/2015/texmf-dist/fonts/type1/urw/palatino/upl
r8a.pfb>
Output written on Model.pdf (18 pages, 2764669 bytes).
PDF statistics:
 428 PDF objects out of 1000 (max. 8388607)
 364 compressed objects within 4 object streams
 108 named destinations out of 1000 (max. 500000)
 289 words of extra memory for PDF output out of 10000 (max. 10000000)

